<?xml version="1.0" encoding="UTF-8"?>
<testng-results skipped="0" failed="0" total="1" passed="1">
  <reporter-output>
  </reporter-output>
  <suite name="Default Suite" duration-ms="21956" started-at="2018-10-14T12:12:39Z" finished-at="2018-10-14T12:13:01Z">
    <groups>
    </groups>
    <test name="SeleniumWebDriver" duration-ms="21956" started-at="2018-10-14T12:12:39Z" finished-at="2018-10-14T12:13:01Z">
      <class name="Hello.ChromeDriverDemo">
        <test-method status="PASS" signature="setup()[pri:0, instance:Hello.ChromeDriverDemo@39ed3c8d]" name="setup" is-config="true" duration-ms="3284" started-at="2018-10-14T14:12:39Z" finished-at="2018-10-14T14:12:42Z">
          <reporter-output>
          </reporter-output>
        </test-method> <!-- setup -->
        <test-method status="PASS" signature="demochrome()[pri:0, instance:Hello.ChromeDriverDemo@39ed3c8d]" name="demochrome" duration-ms="17765" started-at="2018-10-14T14:12:42Z" finished-at="2018-10-14T14:13:00Z">
          <reporter-output>
          </reporter-output>
        </test-method> <!-- demochrome -->
        <test-method status="PASS" signature="clr()[pri:0, instance:Hello.ChromeDriverDemo@39ed3c8d]" name="clr" is-config="true" duration-ms="897" started-at="2018-10-14T14:13:00Z" finished-at="2018-10-14T14:13:01Z">
          <reporter-output>
          </reporter-output>
        </test-method> <!-- clr -->
      </class> <!-- Hello.ChromeDriverDemo -->
    </test> <!-- SeleniumWebDriver -->
  </suite> <!-- Default Suite -->
</testng-results>
